c:\users\admn\source\repos\midiplayer\midiplayer\x64\debug\vc143.pdb
c:\users\admn\source\repos\midiplayer\midiplayer\x64\debug\vc143.idb
c:\users\admn\source\repos\midiplayer\midiplayer\x64\debug\midiplayer.obj
c:\users\admn\source\repos\midiplayer\midiplayer\x64\debug\options.obj
c:\users\admn\source\repos\midiplayer\midiplayer\x64\debug\midimessage.obj
c:\users\admn\source\repos\midiplayer\midiplayer\x64\debug\midifile.obj
c:\users\admn\source\repos\midiplayer\midiplayer\x64\debug\midieventlist.obj
c:\users\admn\source\repos\midiplayer\midiplayer\x64\debug\midievent.obj
c:\users\admn\source\repos\midiplayer\midiplayer\x64\debug\binasc.obj
c:\users\admn\source\repos\midiplayer\x64\debug\midiplayer.exe
c:\users\admn\source\repos\midiplayer\x64\debug\midiplayer.pdb
c:\users\admn\source\repos\midiplayer\midiplayer\x64\debug\midiplayer.ilk
c:\users\admn\source\repos\midiplayer\midiplayer\x64\debug\midiplayer.tlog\cl.command.1.tlog
c:\users\admn\source\repos\midiplayer\midiplayer\x64\debug\midiplayer.tlog\cl.items.tlog
c:\users\admn\source\repos\midiplayer\midiplayer\x64\debug\midiplayer.tlog\cl.read.1.tlog
c:\users\admn\source\repos\midiplayer\midiplayer\x64\debug\midiplayer.tlog\cl.write.1.tlog
c:\users\admn\source\repos\midiplayer\midiplayer\x64\debug\midiplayer.tlog\link.command.1.tlog
c:\users\admn\source\repos\midiplayer\midiplayer\x64\debug\midiplayer.tlog\link.read.1.tlog
c:\users\admn\source\repos\midiplayer\midiplayer\x64\debug\midiplayer.tlog\link.secondary.1.tlog
c:\users\admn\source\repos\midiplayer\midiplayer\x64\debug\midiplayer.tlog\link.write.1.tlog
